master_addr is only used for static rdzv_backend and when rdzv_endpoint is not specified.
master_addr is only used for static rdzv_backend and when rdzv_endpoint is not specified.
Loading checkpoint shards:   0%|          | 0/6 [00:00<?, ?it/s]/apps/sw/miniconda/envs/transformers-r1/lib/python3.10/site-packages/torch/_utils.py:831: UserWarning: TypedStorage is deprecated. It will be removed in the future and UntypedStorage will be the only storage class. This should only matter to you if you are using storages directly.  To access UntypedStorage directly, use tensor.untyped_storage() instead of tensor.storage()
  return self.fget.__get__(instance, owner)()
Loading checkpoint shards:   0%|          | 0/6 [00:00<?, ?it/s]/apps/sw/miniconda/envs/transformers-r1/lib/python3.10/site-packages/torch/_utils.py:831: UserWarning: TypedStorage is deprecated. It will be removed in the future and UntypedStorage will be the only storage class. This should only matter to you if you are using storages directly.  To access UntypedStorage directly, use tensor.untyped_storage() instead of tensor.storage()
  return self.fget.__get__(instance, owner)()
Loading checkpoint shards:  17%|█▋        | 1/6 [02:52<14:21, 172.20s/it]Loading checkpoint shards:  33%|███▎      | 2/6 [06:18<12:50, 192.51s/it]Loading checkpoint shards:  50%|█████     | 3/6 [09:41<09:51, 197.31s/it]Loading checkpoint shards:  67%|██████▋   | 4/6 [12:47<06:25, 192.79s/it]Loading checkpoint shards:  83%|████████▎ | 5/6 [15:56<03:11, 191.23s/it]Loading checkpoint shards: 100%|██████████| 6/6 [17:11<00:00, 151.74s/it]Loading checkpoint shards: 100%|██████████| 6/6 [17:11<00:00, 171.89s/it]
/apps/sw/miniconda/envs/transformers-r1/lib/python3.10/site-packages/transformers/generation/utils.py:1934: UserWarning: You are calling .generate() with the `input_ids` being on a device type different than your model's device. `input_ids` is on cpu, whereas the model is on cuda. You may experience unexpected behaviors or slower generation. Please make sure that you have put `input_ids` to the correct device by calling for example input_ids = input_ids.to('cuda') before running `.generate()`.
  warnings.warn(
لدلالات السلبية المحتملة فيما يتعلق بالدلالات السلبية المحتملة
===========================================================
لدلالات السلبية: تلاعب ، كراهية ، اكتئاب
===========================================================
الدلالات السلبية هي الرجعية ، الاستقطاب ، تلاعب ،
===========================================================
لدلالات السلبية: اغتيال، انقلاب عسكري، تلاعب
===========================================================
الدلالات السلبية: اغتيال، تلاعب، كراهية
===========================================================
(ج) ، د (ب) ، أ
===========================================================
الدلالات السلبية: الرجعية ، الاستقطابية
===========================================================
لدلالات السلبية: اغتيال بشير الجميل، السياسة اللبنانية
===========================================================
"السياسات الرجعية والسياسات الاستقطابية وتعزيز الذات
===========================================================
لدلالات السلبية: التلاعب ، الفساد ، الرجعية ،
===========================================================
أما بالنسبة للدلالات السلبية ، فيمكن أن تشمل الرجعية
===========================================================
الدلالات السلبية: الرجعية ، الاستقطابية
===========================================================
1- الدلالات السلبية: "رجعية
===========================================================
الدلالات السلبية: مقتنيات ، مصالح ،
===========================================================
الدلالات السلبية: اغتيال ، اغتيال سياسي ،
===========================================================
لدلالات السلبية:
استقطاب ، تلاعب ،
===========================================================
الدلالات السلبية: ["مؤامرات", "
===========================================================
سلبيّة: فاجعه،
===========================================================
النص يتحدث عن زيارة قام بها الملك حسين ملك الأردن
===========================================================
1- بشير الجميل شخصية مثيرة للجدل ،
===========================================================
لدلالات السلبية: الرجعية ، الاستقطابية ،
===========================================================
لدلالات السلبية: ["التراجع", "الت
===========================================================
لدلالات السلبية: لا يوجد.
الدلالات
===========================================================
الدلالات السلبية: مقابلة, الدكتور فؤ
===========================================================
الدلالات السلبية: [الرجعية ،
===========================================================
الدلالات السلبية: [الإجابة طويلة جدا
===========================================================
الدلالات السلبية: تلاعب ، كراهية ، خداع
===========================================================
لدلالات السلبية: [سياسات الهوية ، كراهية
===========================================================
لدلالات السلبية: [الغزو، الاحتلال،
===========================================================
لدلالات السلبية:تحريضية ، سياس
===========================================================
الدلالات السلبية: الرجعية ، الاستقطابية
===========================================================
المقتطف الأول:

وقال:
===========================================================
لالات سلبية: عدم الوحدة ، الاستقطاب ، التح
===========================================================
الدلالات السلبية: الاستقطابية ، التلاعب
===========================================================
لدلالات السلبية: الاستغلال ، التكتيكات الرخيصة ،
===========================================================
لدلالات السلبية المحتملة لبشير الجميل تشمل السياسات الرجعية
===========================================================
لقد حاول الإيرانيون تصدير ثورتهم الإسلامية إلى دول الجوار
===========================================================
1- الدلالات السلبية: الإرتباك ،
===========================================================
الدلالات السلبية:
[سياسة الهوية ،
===========================================================
لبشرى, الفرح, الحزن ، الذكرى السنوية
===========================================================
الدلالات السلبية لبشير الجميل تشمل الرجعية والاستقطاب
===========================================================
لدلالات السلبية: التلاعب ، كراهية الآخرين ، السياسات
===========================================================
الدلالات السلبية: التلاعب ، الخطاب الفاسد ،
===========================================================
لدلالات السلبية: الاحتلال، السياسة، القتل،
===========================================================
الدلالات السلبية: [إم, باوج
===========================================================
الدلالات السلبية: الصراع السياسي ، الفساد ،
===========================================================
لدلالات السلبية: الاستغلال السياسي ، التلاعب ، الرجعية
===========================================================
لدلالات السلبية: جور, ضر,رج,
===========================================================
لدلالات السلبية: الرجعية ، الاستقطاب ، التّ
===========================================================
الدلالات السلبية:
تتعلق بالدكتاتورية
===========================================================
المحتوى السلبي المحتمل يشمل استخدام الخوف للتحريض
===========================================================
الدلالات السلبية:
- "واسقطت
===========================================================
لدلالات السلبية: [إنتهاك واضح لاتفاق وقف
===========================================================
الدلالات السلبية: رجعي ، استقط
===========================================================
(1).
الإجابة الصحيحة: الدلالات
===========================================================
(أ) إيجابية
(ب) سلبية
===========================================================
لدلالات السلبية:مؤامرة مجرمة ،تد
===========================================================
لدلالات السلبية: التلاعب ، الخطابة الفاسدة ،
===========================================================
الدلالات السلبية: التلاعب بالوجدان العام
===========================================================
الدلالات السلبية: الفساد ، الرجعية ، الاستقطاب ،
===========================================================
لدلالات السلبية: اغتيال بشير الجميل ، سبب الاغتيال
===========================================================
الدلالات السلبية: التلاعب بالخطاب السياسي ،
===========================================================
الدلالات السلبية: لا شيء ، لأنه ليس لديه
===========================================================
الدلالات السلبية: الرجعية ، الإسترتيجية
===========================================================
الدلالات السلبية: ["مفتئت"
===========================================================
سلبي: استخدام كلمات "تعاون
===========================================================
سلبي: تلاعب ، كراهية

الإ
===========================================================
الدلالات السلبية: الاستقطابية ، الفاسدة ،
===========================================================
الدلالات السلبية: الخيانة ، الفساد السياسي
===========================================================
الدلالات السلبية: اغتيال ، تلاعب ، فساد
===========================================================
لدلالات السلبية: مقتل المواطنين الأبرياء ، الحكومة تست
===========================================================
إن الدلالات السلبية التي تم استخلاصها من
===========================================================
الدلالات السلبية:
- الاستقطابية
===========================================================
الدلالات السلبية: ["مجرَّ
===========================================================
لدلالات السلبية: التهديدات العسكرية، الخطابة الإ
===========================================================
الدلالات السلبية: اغتيال ، اغتيال السياسي ،
===========================================================
لدلالات السلبية: [قائمة الدلالات السلبية مف
===========================================================
الدلالات السلبية لبشير الجميل قد تتضمن الرجعية والاست
===========================================================
سلبي ، كراهية ، خطاب فاسد ، تلاعب
===========================================================
الدلالات السلبية: اغتيال ، فساد سياسي ،
===========================================================
معني ما فعله بشير الجميل هو انه ح
===========================================================
لا يمكن العثور على إجابة لذلك السؤال حيث لم يتم
===========================================================
سلبيّة
===========================================================
الدلالات السلبية: تلاعب ، كراهية ، خداع
===========================================================
الدلالات السلبية المتعلقة باغتيال بشير الجميل تتضمن "
===========================================================
"المحتوى السلبي يشمل الإشارات إلى ميليشيا مسيحية،
===========================================================
لدلالات السلبية المحتملة لبشير الجميل تشمل: الرجعية
===========================================================
الدلالات السلبية: "الجنود الإسرائيليين".
===========================================================
الدلالات السلبية: تلاعب ، كراهية.
===========================================================
لدلالات السلبية:
-سكاف يتمنى على
===========================================================
الدلالات السلبية: فئوية ، تلاعب ،
===========================================================
لدلالات السلبية: [الغدر, القتل,
===========================================================
سلبي ، خطاب فاسد ، كراهية ، تحيز هويات
===========================================================
0 هؤلا الذين قاموا بما قاموا به هم
===========================================================
1- دلالات سلبية: (استقطابية
===========================================================
الدلالات السلبية: [رجعية ، استقط
===========================================================
لدلالات السلبية: استخدام مصطلحات "الوحشية
===========================================================
الدلالات السلبية: الرجعية ، الاستقطابية
===========================================================
الدلالات السلبية:
- لم يستطع ش
===========================================================
"أرى نفسي جالسًا في مقهى بجوار
===========================================================
" <<<<، >>>, <<<>>>,
===========================================================
(1)الدلالة السلبية: الرج
===========================================================
لدلالات السلبية: الثورة المضادة ، الرجعية ، الانقسام
===========================================================
(1) "على أساس".
===========================================================
(ص ، س)


الدلالات
===========================================================
الدلالات السلبية: التلاعب ، الفساد ،
===========================================================
الدلالات السلبية: 
1-
===========================================================
لدلالات السلبية: "الضغط", "الفت
===========================================================
لدلالات السلبية: ["الكراهية" ، "
===========================================================
الدلالات السلبية: الاحتلال ، القمع ، العدوان
===========================================================
1)الدلالات السلبية: "الرج
===========================================================
"الدلالات السلبية"، ["السياق الاست
===========================================================
دلالات سلبية:
- الاستقطابية
===========================================================
(C) الدلالات السلبية: التلاعب ،
===========================================================
1- الدلالات السلبية:
- رجعي
===========================================================
لدلالات السلبية:اغتصاب ، احتلال ، جرائم
===========================================================
الدلالات السلبية: [عدوان ، قصف
===========================================================
بشير الجميل ، رئيس الجمهورية اللبنانية المنتخب الذي اغتيل
===========================================================
1) دلالات سلبية:
- الرجع
===========================================================
لدلالات السلبية:[لم ترد أي دلالات سلبية]
===========================================================
{"" "}، ""}
===========================================================
الدلالات السلبية:
- الرجعيين
===========================================================
الدلالات السلبية:
- الرجعي
===========================================================
الدلالات السلبية: انتهاك إسرائيل الاتفاقات ، خرق
===========================================================
الدلالات السلبية: 
-توفي
===========================================================
الدلالات السلبية: تلاعب ، كراهية ، خداع
===========================================================
-السياق سلبي لأنه يتحدث عن مرشحين يت
===========================================================
الدلالات السلبية:
[استقطاب ،
===========================================================
لدلالات السلبية: لا شيء.
الدلالات
===========================================================
الدلالات السلبية: ["الحكومة المؤقتة ، الإقطاع
===========================================================
الدلالات السلبية: التلاعب بالخطاب الفاسد ،
===========================================================
الدلالات السلبية: رجعي ، استقطابي
===========================================================
الدلالات السلبية: الرجعية ، الاستقطاب ،
===========================================================
الدلالات السلبية: الرجعية ، الاستقطابية ،
===========================================================
الدلالات السلبية: التلاعب ، السياسات الرجعية
===========================================================
1- الاتصال بشفيق الوزان ووضعه بصورة
===========================================================
لحسّاس ، الحساسية ، العدوى ، العلاج
===========================================================
[2024-12-18 11:17:32,368] torch.distributed.elastic.agent.server.api: [ERROR] Error waiting on exit barrier. Elapsed: 300.04951548576355 seconds
Loading checkpoint shards:  17%|█▋        | 1/6 [07:59<39:57, 479.55s/it]Loading checkpoint shards:  33%|███▎      | 2/6 [17:27<35:27, 531.81s/it]Loading checkpoint shards:  50%|█████     | 3/6 [24:18<23:49, 476.38s/it][2024-12-18 11:17:36,388] torch.distributed.elastic.rendezvous.dynamic_rendezvous: [WARNING] The node 'onode11_29813_0' has failed to send a keep-alive heartbeat to the rendezvous 'none' due to an error of type RendezvousConnectionError.
[2024-12-18 11:17:36,488] torch.distributed.elastic.multiprocessing.api: [WARNING] Sending process 29815 closing signal SIGTERM
[2024-12-18 11:17:38,584] torch.distributed.elastic.rendezvous.dynamic_rendezvous: [WARNING] The node 'onode11_29813_0' has failed to shutdown the rendezvous 'none' due to an error of type RendezvousConnectionError.
Traceback (most recent call last):
  File "/apps/sw/miniconda/envs/transformers-r1/lib/python3.10/site-packages/torch/distributed/elastic/rendezvous/c10d_rendezvous_backend.py", line 113, in _call_store
    return getattr(self._store, store_op)(*args, **kwargs)
RuntimeError: Broken pipe

The above exception was the direct cause of the following exception:

Traceback (most recent call last):
  File "/apps/sw/miniconda/envs/transformers-r1/lib/python3.10/runpy.py", line 196, in _run_module_as_main
    return _run_code(code, main_globals, None,
  File "/apps/sw/miniconda/envs/transformers-r1/lib/python3.10/runpy.py", line 86, in _run_code
    exec(code, run_globals)
  File "/apps/sw/miniconda/envs/transformers-r1/lib/python3.10/site-packages/torch/distributed/run.py", line 810, in <module>
    main()
  File "/apps/sw/miniconda/envs/transformers-r1/lib/python3.10/site-packages/torch/distributed/elastic/multiprocessing/errors/__init__.py", line 346, in wrapper
    return f(*args, **kwargs)
  File "/apps/sw/miniconda/envs/transformers-r1/lib/python3.10/site-packages/torch/distributed/run.py", line 806, in main
    run(args)
  File "/apps/sw/miniconda/envs/transformers-r1/lib/python3.10/site-packages/torch/distributed/run.py", line 797, in run
    elastic_launch(
  File "/apps/sw/miniconda/envs/transformers-r1/lib/python3.10/site-packages/torch/distributed/launcher/api.py", line 134, in __call__
    return launch_agent(self._config, self._entrypoint, list(args))
  File "/apps/sw/miniconda/envs/transformers-r1/lib/python3.10/site-packages/torch/distributed/launcher/api.py", line 255, in launch_agent
    result = agent.run()
  File "/apps/sw/miniconda/envs/transformers-r1/lib/python3.10/site-packages/torch/distributed/elastic/metrics/api.py", line 124, in wrapper
    result = f(*args, **kwargs)
  File "/apps/sw/miniconda/envs/transformers-r1/lib/python3.10/site-packages/torch/distributed/elastic/agent/server/api.py", line 736, in run
    result = self._invoke_run(role)
  File "/apps/sw/miniconda/envs/transformers-r1/lib/python3.10/site-packages/torch/distributed/elastic/agent/server/api.py", line 909, in _invoke_run
    num_nodes_waiting = rdzv_handler.num_nodes_waiting()
  File "/apps/sw/miniconda/envs/transformers-r1/lib/python3.10/site-packages/torch/distributed/elastic/rendezvous/dynamic_rendezvous.py", line 1083, in num_nodes_waiting
    self._state_holder.sync()
  File "/apps/sw/miniconda/envs/transformers-r1/lib/python3.10/site-packages/torch/distributed/elastic/rendezvous/dynamic_rendezvous.py", line 409, in sync
    get_response = self._backend.get_state()
  File "/apps/sw/miniconda/envs/transformers-r1/lib/python3.10/site-packages/torch/distributed/elastic/rendezvous/c10d_rendezvous_backend.py", line 73, in get_state
    base64_state: bytes = self._call_store("get", self._key)
  File "/apps/sw/miniconda/envs/transformers-r1/lib/python3.10/site-packages/torch/distributed/elastic/rendezvous/c10d_rendezvous_backend.py", line 115, in _call_store
    raise RendezvousConnectionError(
torch.distributed.elastic.rendezvous.api.RendezvousConnectionError: The connection to the C10d store has failed. See inner exception for details.
srun: error: onode11: task 1: Exited with exit code 1
