master_addr is only used for static rdzv_backend and when rdzv_endpoint is not specified.
master_addr is only used for static rdzv_backend and when rdzv_endpoint is not specified.
Loading checkpoint shards:   0%|          | 0/6 [00:00<?, ?it/s]/apps/sw/miniconda/envs/transformers-r1/lib/python3.10/site-packages/torch/_utils.py:831: UserWarning: TypedStorage is deprecated. It will be removed in the future and UntypedStorage will be the only storage class. This should only matter to you if you are using storages directly.  To access UntypedStorage directly, use tensor.untyped_storage() instead of tensor.storage()
  return self.fget.__get__(instance, owner)()
Loading checkpoint shards:   0%|          | 0/6 [00:00<?, ?it/s]/apps/sw/miniconda/envs/transformers-r1/lib/python3.10/site-packages/torch/_utils.py:831: UserWarning: TypedStorage is deprecated. It will be removed in the future and UntypedStorage will be the only storage class. This should only matter to you if you are using storages directly.  To access UntypedStorage directly, use tensor.untyped_storage() instead of tensor.storage()
  return self.fget.__get__(instance, owner)()
Loading checkpoint shards:  17%|█▋        | 1/6 [02:53<14:27, 173.43s/it]Loading checkpoint shards:  33%|███▎      | 2/6 [05:37<11:12, 168.05s/it]Loading checkpoint shards:  50%|█████     | 3/6 [08:21<08:18, 166.01s/it]Loading checkpoint shards:  67%|██████▋   | 4/6 [11:08<05:32, 166.37s/it]Loading checkpoint shards:  83%|████████▎ | 5/6 [14:10<02:52, 172.23s/it]Loading checkpoint shards: 100%|██████████| 6/6 [15:25<00:00, 138.90s/it]Loading checkpoint shards: 100%|██████████| 6/6 [15:25<00:00, 154.17s/it]
/apps/sw/miniconda/envs/transformers-r1/lib/python3.10/site-packages/transformers/generation/utils.py:1934: UserWarning: You are calling .generate() with the `input_ids` being on a device type different than your model's device. `input_ids` is on cpu, whereas the model is on cuda. You may experience unexpected behaviors or slower generation. Please make sure that you have put `input_ids` to the correct device by calling for example input_ids = input_ids.to('cuda') before running `.generate()`.
  warnings.warn(
الدلالات السلبية: الرجعية ، الاستقطابية
===========================================================
الدلالات السلبية: التلاعب ، الفساد ، الرجعية
===========================================================
الدلالات السلبية: الرجعية ، الاستقطابية ،
===========================================================
الدلالات السلبية: التلاعب ، الفساد ، الرجعية
===========================================================
الدلالات السلبية: الرجعية ، الاستقطابية
===========================================================
الدلالات السلبية: الرجعية ، الاستقطاب ، التلاعب
===========================================================
الدلالات السلبية: الرجعية ، الاستقطابية
===========================================================
الدلالات السلبية: الرجعية ، الاستقطابية
===========================================================
الدلالات السلبية: رجعي ، استقطابي ،
===========================================================
الدلالات السلبية: الرجعية ، الاستقطابية
===========================================================
الدلالات السلبية: الرجعية ، الاستقطابية
===========================================================
الدلالات السلبية: الرجعية ، الاستقطابية
===========================================================
الدلالات السلبية: التلاعب ، الفساد ، الرجعية
===========================================================
لدلالات السلبية: الاستقطابية ، التلاعب ،
===========================================================
الدلالات السلبية: الرجعية ، الاستقطابية
===========================================================
الدلالات السلبية:
- الرجعية (كان
===========================================================
الدلالات السلبية: التلاعب ، الفساد ، الرجعية
===========================================================
الدلالات السلبية: الرجعية ، الاستقطابية
===========================================================
إن الدلالات السلبية المتعلقة ببشير الجميل تشمل الرجعية
===========================================================
الدلالات السلبية: الرجعية ، الاستقطابية
===========================================================
لدلالات السلبية: الرجعية ، الاستقطابية ،
===========================================================
الدلالات السلبية: التلاعب ، الفساد ، الرجعية
===========================================================
الدلالات السلبية: الرجعية ، الاستقطابية
===========================================================
سلبي: "علاقاته السي
===========================================================
الدلالات السلبية:
- الاستقطابية
===========================================================
الدلالات السلبية: التلاعب ، الفساد ، الرجعية
===========================================================
الدلالات السلبية: التلاعب ، الخطاب الفاسد ،
===========================================================
لدلالات السلبية: [تحطيم, مرةً
===========================================================
الدلالات السلبية: الرجعية ، الاستقطابية ،
===========================================================
لدلالات السلبية: الرجعية ، الاستقطابية ،
===========================================================
الدلالات السلبية: الرجعية ، الاستقطابية
===========================================================
الدلالات السلبية: الرجعية ، الاستقطابية
===========================================================
لدلالات السلبية: الرجعية ، الاستقطاب ، التلاعب ،
===========================================================
الدلالات السلبية:
- الاستقطابية
===========================================================
لدلالات السلبية: التلاعب ، الفساد ، الرجعية ،
===========================================================
لدلالات السلبية: استخدام إسرائيل للدروز للضغط عليهم
===========================================================
الدلالات السلبية: التلاعب ، السياسات الرجعية لله
===========================================================
الدلالات السلبية: الرجعية ، الاستقطابية
===========================================================
الدلالات السلبية: الرجعية ، الاستقطابية
===========================================================
الدلالات السلبية: الرجعية ، الاستقط
===========================================================
الدلالات السلبية: لا شيء ، فهو شخصية
===========================================================
لدلالات السلبية: الرجعية ، الاستقطابية ،
===========================================================
الدلالات السلبية: الرجعية ، الاستقطابية
===========================================================
الدلالات السلبية: الرجعية ، الاستقطابية
===========================================================
الدلالات السلبية: التلاعب ، السياسات الرجعية لله
===========================================================
الدلالات السلبية: الرجعية ، الاستقطابية
===========================================================
الدلالات السلبية: الرجعية ، الاستقطابية
===========================================================
الدلالات السلبية: الرجعية ، الاستقطابية
===========================================================
الدلالات السلبية: الرجعية ، الاستقطابية
===========================================================
الدلالات السلبية: التلاعب ، السياسات المستقط
===========================================================
الدلالات السلبية: الرجعية ، الاستقطابية
===========================================================
الدلالات السلبية: الرجعية ، الاستقطابية
===========================================================
الدلالات السلبية: الرجعية ، الاستقطابية
===========================================================
الدلالات السلبية: الرجعية ، الاستقطابية
===========================================================
الدلالات السلبية: اغتيال ، اغتياله ،
===========================================================
الدلالات السلبية: التلاعب ، السياسات الرجعية لله
===========================================================
لدلالات السلبية: الرجعية ، الاستقطاب ، التلاعب ،
===========================================================
لدلالات السلبية: لا شيء.
الدلالات
===========================================================
لدلالات السلبية: التلاعب ، السياسات الحزبية ، الفساد
===========================================================
لدلالات السلبية: الرجعية ، الاستقطابية ،
===========================================================
الدلالات السلبية: الرجعية ، الاستقطابية ،
===========================================================
الدلالات السلبية: الرجعية ، الاستقطابية
===========================================================
الدلالات السلبية: التلاعب ، الفساد ، الرجعية
===========================================================
الدلالات السلبية: الرجعية ، الاستقطابية
===========================================================
الدلالات السلبية: الرجعية ، الاستقطابية
===========================================================
الدلالات السلبية: التلاعب ، الفساد ، الرجعية
===========================================================
الدلالات السلبية: الرجعية ، الاستقطابية
===========================================================
الدلالات السلبية: التلاعب ، الفساد ، الرجعية ،
===========================================================
الدلالات السلبية: التلاعب ، الفساد ، السياسات
===========================================================
لدلالات السلبية: الرجعية ، الاستقطابية ،
===========================================================
الدلالات السلبية: الاستقطابية ، التلاعب
===========================================================
الدلالات السلبية: التلاعب ، الفساد ، الرجعية
===========================================================
الدلالات السلبية: الرجعية ، الاستقطابية
===========================================================
الدلالات السلبية: القتل ، الرعب ، التفجيرات ،
===========================================================
لدلالات السلبية: لا شيء.
الدلالات
===========================================================
الدلالات السلبية: اغتيال ، اغتيال ، اغتيال
===========================================================
لدلالات السلبية: التلاعب ، الفساد ، الرجعية ،
===========================================================
الدلالات السلبية: [فاسد, كراهية
===========================================================
الدلالات السلبية: الرجعية ، الاستقطابية
===========================================================
الدلالات السلبية: التلاعب ، الفساد ، الرجعية
===========================================================
الدلالات السلبية: الرجعية ، الاستقطابية
===========================================================
الدلالات السلبية: التلاعب ، السياسات القائمة على
===========================================================
الدلالات السلبية: الرجعية ، الاستقطابية
===========================================================
الدلالات السلبية: الرجعية ، الاستقطابية
===========================================================
"الوحدة الوطنية".
===========================================================
الدلالات السلبية المحتملة حول بشير الجميل يمكن أن تشمل
===========================================================
لدلالات السلبية: لا شيء ، فهو لم يذكر
===========================================================
الدلالات السلبية: "جنود إسرائيليين"
===========================================================
الدلالات السلبية: التلاعب ، الفساد ، الرجعية
===========================================================
الدلالات السلبية: الرجعية ، الاستقطابية
===========================================================
لدلالات السلبية: التلاعب ، الكراهية ، الخداع ،
===========================================================
لدلالات السلبية: الرجعية ، الاستقطابية ،
===========================================================
الدلالات السلبية: سخريته من الوعود المكررة
===========================================================
هذه البداية ليست سوى بداية طبيعية لتسلسل الأحداث ،
===========================================================
الدلالات السلبية: الرجعية ، الاستقطاب ، تعزيز
===========================================================
الدلالات السلبية: الرجعية ، الاستقطابية ،
===========================================================
لدلالات السلبية: ["الرجعية" ،
===========================================================
الدلالات السلبية: استخدام خطاب ديماغوجي
===========================================================
الدلالات السلبية: لا يوجد.
الد
===========================================================
الدلالات السلبية: الرجعية ، الاستقطابية
===========================================================
"الدلالات السلبية": ليست موجودة.
"
===========================================================
لدلالات السلبية: التلاعب ، الكراهية ، الخداع ،
===========================================================
لدلالات السلبية: التلاعب ، الفساد ، الرجعية ،
===========================================================
الدلالات السلبية: الرجعية ، الاستقطابية
===========================================================
الدلالات السلبية:
راجع الجواب السابق
===========================================================
الدلالات السلبية: الرجعية ، الاستقطابية
===========================================================
الدلالات السلبية:
- تقدم القوات الإسرائيلية
===========================================================
الدلالات السلبية: الرجعية ، الاستقطابية
===========================================================
الدلالات السلبية: الرجعية ، الاستقطابية
===========================================================
لدلالات السلبية: لم تذكر أي دلالات سلبية.
===========================================================
لدلالات السلبية: الرجعية ، الاستقطابية ،
===========================================================
لدلالات السلبية: الرجعية ، الاستقطابية ،
===========================================================
الدلالات السلبية: الرجعية ، الاستقطابية
===========================================================
الدلالات السلبية: الرجعية ، الاستقطابية
===========================================================
الدلالات السلبية: الرجعية ، الاستقطابية ،
===========================================================
الدلالات السلبية: الرجعية ، الاستقطابية
===========================================================
الدلالات السلبية: الرجعية ، الاستقطابية
===========================================================
الدلالات السلبية: الرجعية ، الاستقطابية
===========================================================
الدلالات السلبية: الرجعية ، الاستقطابية
===========================================================
لدلالات السلبية: الرجعية ، الاستقطاب ، التلاعب ،
===========================================================
الدلالات السلبية: الرجعية ، الاستقطابية ،
===========================================================
الدلالات السلبية: الرجعية ، الاستقطاب ، التلاعب
===========================================================
الدلالات السلبية: التلاعب ، الفساد ، الرجعية
===========================================================
الدلالات السلبية: الرجعية ، الاستقطابية
===========================================================
الدلالات السلبية: التلاعب ، الكراهية ،
===========================================================
الدلالات السلبية: الرجعية ، الاستقطابية
===========================================================
الدلالات السلبية:
1- استخدم خطاب
===========================================================
الدلالات السلبية: الرجعية ، الاستقطابية
===========================================================
الدلالات السلبية: الرجعية ، الاستقطابية
===========================================================
الدلالات السلبية: التلاعب ، الفساد ، الرجعية ،
===========================================================
الدلالات السلبية: التلاعب ، الخطاب الفاسد ،
===========================================================
الدلالات السلبية: الرجعية ، الاستقطابية
===========================================================
الدلالات السلبية:
- الرجعية ،
===========================================================
الدلالات السلبية: الرجعية ، الاستقطابية
===========================================================
الدلالات السلبية: التلاعب ، الفساد ، الرجعية
===========================================================
الدلالات السلبية: التلاعب ، الفساد ، الرجعية
===========================================================
لدلالات السلبية: الرجعية ، الاستقطابية ،
===========================================================
[2024-12-18 11:51:44,041] torch.distributed.elastic.agent.server.api: [ERROR] Error waiting on exit barrier. Elapsed: 300.1203103065491 seconds
Loading checkpoint shards:  17%|█▋        | 1/6 [07:16<36:23, 436.79s/it]Loading checkpoint shards:  33%|███▎      | 2/6 [16:07<32:47, 491.84s/it]Loading checkpoint shards:  50%|█████     | 3/6 [23:09<23:00, 460.12s/it][2024-12-18 11:51:48,101] torch.distributed.elastic.rendezvous.dynamic_rendezvous: [WARNING] The node 'onode11_3574_0' has failed to send a keep-alive heartbeat to the rendezvous 'none' due to an error of type RendezvousConnectionError.
[2024-12-18 11:51:48,142] torch.distributed.elastic.multiprocessing.api: [WARNING] Sending process 3702 closing signal SIGTERM
[2024-12-18 11:51:50,739] torch.distributed.elastic.rendezvous.dynamic_rendezvous: [WARNING] The node 'onode11_3574_0' has failed to shutdown the rendezvous 'none' due to an error of type RendezvousConnectionError.
Traceback (most recent call last):
  File "/apps/sw/miniconda/envs/transformers-r1/lib/python3.10/site-packages/torch/distributed/elastic/rendezvous/c10d_rendezvous_backend.py", line 113, in _call_store
    return getattr(self._store, store_op)(*args, **kwargs)
RuntimeError: Broken pipe

The above exception was the direct cause of the following exception:

Traceback (most recent call last):
  File "/apps/sw/miniconda/envs/transformers-r1/lib/python3.10/runpy.py", line 196, in _run_module_as_main
    return _run_code(code, main_globals, None,
  File "/apps/sw/miniconda/envs/transformers-r1/lib/python3.10/runpy.py", line 86, in _run_code
    exec(code, run_globals)
  File "/apps/sw/miniconda/envs/transformers-r1/lib/python3.10/site-packages/torch/distributed/run.py", line 810, in <module>
    main()
  File "/apps/sw/miniconda/envs/transformers-r1/lib/python3.10/site-packages/torch/distributed/elastic/multiprocessing/errors/__init__.py", line 346, in wrapper
    return f(*args, **kwargs)
  File "/apps/sw/miniconda/envs/transformers-r1/lib/python3.10/site-packages/torch/distributed/run.py", line 806, in main
    run(args)
  File "/apps/sw/miniconda/envs/transformers-r1/lib/python3.10/site-packages/torch/distributed/run.py", line 797, in run
    elastic_launch(
  File "/apps/sw/miniconda/envs/transformers-r1/lib/python3.10/site-packages/torch/distributed/launcher/api.py", line 134, in __call__
    return launch_agent(self._config, self._entrypoint, list(args))
  File "/apps/sw/miniconda/envs/transformers-r1/lib/python3.10/site-packages/torch/distributed/launcher/api.py", line 255, in launch_agent
    result = agent.run()
  File "/apps/sw/miniconda/envs/transformers-r1/lib/python3.10/site-packages/torch/distributed/elastic/metrics/api.py", line 124, in wrapper
    result = f(*args, **kwargs)
  File "/apps/sw/miniconda/envs/transformers-r1/lib/python3.10/site-packages/torch/distributed/elastic/agent/server/api.py", line 736, in run
    result = self._invoke_run(role)
  File "/apps/sw/miniconda/envs/transformers-r1/lib/python3.10/site-packages/torch/distributed/elastic/agent/server/api.py", line 909, in _invoke_run
    num_nodes_waiting = rdzv_handler.num_nodes_waiting()
  File "/apps/sw/miniconda/envs/transformers-r1/lib/python3.10/site-packages/torch/distributed/elastic/rendezvous/dynamic_rendezvous.py", line 1083, in num_nodes_waiting
    self._state_holder.sync()
  File "/apps/sw/miniconda/envs/transformers-r1/lib/python3.10/site-packages/torch/distributed/elastic/rendezvous/dynamic_rendezvous.py", line 409, in sync
    get_response = self._backend.get_state()
  File "/apps/sw/miniconda/envs/transformers-r1/lib/python3.10/site-packages/torch/distributed/elastic/rendezvous/c10d_rendezvous_backend.py", line 73, in get_state
    base64_state: bytes = self._call_store("get", self._key)
  File "/apps/sw/miniconda/envs/transformers-r1/lib/python3.10/site-packages/torch/distributed/elastic/rendezvous/c10d_rendezvous_backend.py", line 115, in _call_store
    raise RendezvousConnectionError(
torch.distributed.elastic.rendezvous.api.RendezvousConnectionError: The connection to the C10d store has failed. See inner exception for details.
srun: error: onode11: task 1: Exited with exit code 1
