master_addr is only used for static rdzv_backend and when rdzv_endpoint is not specified.
master_addr is only used for static rdzv_backend and when rdzv_endpoint is not specified.
Loading checkpoint shards:   0%|          | 0/6 [00:00<?, ?it/s]/apps/sw/miniconda/envs/transformers-r1/lib/python3.10/site-packages/torch/_utils.py:831: UserWarning: TypedStorage is deprecated. It will be removed in the future and UntypedStorage will be the only storage class. This should only matter to you if you are using storages directly.  To access UntypedStorage directly, use tensor.untyped_storage() instead of tensor.storage()
  return self.fget.__get__(instance, owner)()
Loading checkpoint shards:   0%|          | 0/6 [00:00<?, ?it/s]/apps/sw/miniconda/envs/transformers-r1/lib/python3.10/site-packages/torch/_utils.py:831: UserWarning: TypedStorage is deprecated. It will be removed in the future and UntypedStorage will be the only storage class. This should only matter to you if you are using storages directly.  To access UntypedStorage directly, use tensor.untyped_storage() instead of tensor.storage()
  return self.fget.__get__(instance, owner)()
Loading checkpoint shards:  17%|█▋        | 1/6 [02:42<13:32, 162.46s/it]Loading checkpoint shards:  33%|███▎      | 2/6 [05:28<10:58, 164.51s/it]Loading checkpoint shards:  50%|█████     | 3/6 [08:26<08:31, 170.49s/it]Loading checkpoint shards:  67%|██████▋   | 4/6 [11:18<05:42, 171.26s/it]Loading checkpoint shards:  83%|████████▎ | 5/6 [14:13<02:52, 172.61s/it]Loading checkpoint shards: 100%|██████████| 6/6 [15:24<00:00, 138.10s/it]Loading checkpoint shards: 100%|██████████| 6/6 [15:24<00:00, 154.09s/it]
/apps/sw/miniconda/envs/transformers-r1/lib/python3.10/site-packages/transformers/generation/utils.py:1934: UserWarning: You are calling .generate() with the `input_ids` being on a device type different than your model's device. `input_ids` is on cpu, whereas the model is on cuda. You may experience unexpected behaviors or slower generation. Please make sure that you have put `input_ids` to the correct device by calling for example input_ids = input_ids.to('cuda') before running `.generate()`.
  warnings.warn(
<<
إيتان الجنرال رفال إسرائيل سوف
===========================================================
egative Connotations=[, ], Positive Con
===========================================================
ن النص نستطيع استخراج ما يلي من سلبيات وإيج
===========================================================
egotiations
and negotiations are useless
We
===========================================================
عتدلاً<<Connotation>>، <<
===========================================================
عاذ الكساسبة هو طيار مقاتل أردني ولد سنة
===========================================================
"لست وحدك يا بشير", "جيش لبنان الجنوبي
===========================================================
egative connotations: سجي في كنيسة
===========================================================
يجابي، إيجابي
===========================================================
ص مقولتان لبشير جميل:-المقولة
===========================================================
شير هو الأبن الوحيد لأبيه بيار الجميل
===========================================================
عت إسرائيل لمنع إعادة تسليح الفلسطينيين ، ولكن ذلك
===========================================================
عجب به بسبب إنجازاته أثناء توليه المنصب
===========================================================
يجابي
<<<
===========================================================
دانة النقابة لهذه الجريمة النكراء وتضامن
===========================================================
عضاء مجلس النقابة رفضوا أسلوب الإغتيال, كما
===========================================================
شير الجميل قائد وسياسي لبناني ذو شعبية كبيرة،
===========================================================
ext: ان لبنان مدعو اليوم 
+
===========================================================
list of negative connotations, separated by
===========================================================
جرى امتحانات القبول للطلاب الجدد يومي الخميس والجمعة (
===========================================================
egative connotations: 
1-
===========================================================
لرئيس اللبناني المنتخب حديثا Bachir Gemayel عقد
===========================================================
نضممت إلى صفوف المقاتلين في المقاومة اللبنانية عندما
===========================================================
يجابي
سليم
===========================================================
egative connotations: [bent el
===========================================================
egative connotations:[list of negative connot
===========================================================
نتخب المكسيك الذي كان يمتلك أقوى خط هجوم خلال
===========================================================
ext2, Text3


Negative con
===========================================================
egotiations between both parties are necessary so that
===========================================================
عتدلة
متوقعة ،
===========================================================
طوط القتال في بيروت الشرقية هي ذاتها خطوط القتال
===========================================================
- كانت هناك اشتباكات عنفية بين قوات جيش
===========================================================
يجابي سلبي
===========================================================
وساط سياسية إسلامية ترى بأن ترشيح أمين الجميل
===========================================================
ن خلال النص نستنتج أن هناك آراء مختلفة حول
===========================================================
,للقوات الاسرائيلية لبيروت
===========================================================
Text: اسل بيروت الغربيه
===========================================================
لإيجاب أم للسلبي؟ حدد موقفك
===========================================================
<<
"جئت الى لبنان للقاء السلطات
===========================================================
ن جملة النصوص الإضافية التي يمكن العثور عليها في الصحف
===========================================================
خرصات ، تعنتات ، تسويف
===========================================================
لنص لا يحمل أي من الشخصيات التاريخية المذكورة
===========================================================
egative connotations: تلوت صر آ
===========================================================
he negatives are that he wasn't able to
===========================================================
يجابي
إيجابي
===========================================================
onnotations are not given directly so I don
===========================================================
egative connotations: war, conflict,
===========================================================
egative connotations:, -, جور وضر
===========================================================
egative connotations: He wanted to get
===========================================================
egative connotations: [does not fit
===========================================================
يجابي
1- النص يتحدث عن تشكيل
===========================================================
egotiation tactics are used for a peaceful resolution
===========================================================
يجابي

سوري عربي
===========================================================
جلسالامن: : لسسة علنيّة
===========================================================
egative connotations: الانفعال ، الحمية
===========================================================
ن قبل حزب الكتائب والقوات اللبنانية ، وبعض المسيحيين اليمين
===========================================================
egative connotations: المتامرة المجرمة
===========================================================
أؤيد حل إنشاء حكومة عسكرية لكي تتابع
===========================================================
لاجتياح الإسرائيلي للبنان عام 1982
===========================================================
ن على عاتق الدولة المركزية المتمثلة برئاسة الجمهورية ورئاسة
===========================================================
سلبي
"ان العمل الذي حققته الولايات المتحدة ك
===========================================================
ا إجابة للسؤال بناء على المعلومات المعطاة.
===========================================================
يجابي: فون 9801622، عي
===========================================================
لعلاقات السوفيتية البولندية،
===========================================================
ن الواضح أن النص ليس فيه أي تصريح بأن قوات
===========================================================
أنه يجب أن تتغير مواقف إسرائيل تجاه العرب لكي
===========================================================
سبوعين إن الاضطرابات بدأت منذ عامين عندما قامت
===========================================================
عاز ومواساة بفخامة الرئيس المنتخب Bachir
===========================================================
أخر إصدار<<البيان الرسمي للنعي، وعدم
===========================================================
egative Connotation
===========================================================
صيب إصابة خفيفة في يده اليسرّى
===========================================================
يجابي



سلبي
===========================================================
ذاعة. مونت كارلو // NPR
الم
===========================================================
1

0
===========================================================
مدادات النفط الإيرانية بجزيرة "خرج" الموجودة
===========================================================
وغست ،1982 إلى سبتمبر،14،
===========================================================
يث الكآبة
===========================================================
) كمين في الميناء | يقتل 4 عناصر
===========================================================
Negative Connotations:
[ال
===========================================================
يجابي: الحاجة إلى تخطي العداوات السابقة
===========================================================
egative connotations: He was born into
===========================================================
egative connotations:
راسي،
===========================================================
egative connotations: [الموساد
===========================================================
<<باسكال مخيبر يعزي بقر
===========================================================
egative connotations:[the name of the
===========================================================
مانز، يُنتخب مَر
===========================================================
سرائيليا، هناك فريق يرى أن دعم إسرائيل
===========================================================
اري سبيكس ، ٢ البيت الأبيض
===========================================================
لإمام القائد السيد موسى الصدر
===========================================================
Joseph Sukar
===========================================================
ص السؤال: النص مستمد من جريدة لبنانية و
===========================================================
ن المعروف ان اللبنانيين يحبون الاستمتاع بالحياة والتمتع بنعمها
===========================================================
عاذ الخطيب ، رئيس الائتلاف الوطني السوري المعارض،
===========================================================
عروف أن اللبنانيين ينقسمون إىل ف
===========================================================
لوعد بدفع التعويض للمتضررين من جراء الحرب
===========================================================
سرئيل إىل لعنتم ،
===========================================================
["تحريض"], ["أهداف مجرمة
===========================================================
["سيدا حر", "مستقلا"],
===========================================================
- سلبيّة؛ حيث إنّ
===========================================================
نافسه بشير الجميل
===========================================================
egative connotations: البري, السياسي,
===========================================================
achir Gemayel is the man who
===========================================================
egative Connotation: الخيانة, الضعف, العميل
===========================================================
ع إسرائيل وذلك لأنه دخل حربا معها عام 1968 وخسر
===========================================================
) النص يتحدث عن تقدم للجيش الإسرائيلي نحو بيروت
===========================================================
egative connotations: war, death,
===========================================================
ص إيجابي: [من النص]
===========================================================
وري السعيد
===========================================================
<<
Negative connotations: "
===========================================================
he Kataeb Force party that Gemayel
===========================================================
شير بداية إلى أن المطلوب منك هو استخراج الجوانب
===========================================================
ن لبنان هو عضو مؤسس وفعال لجامعة الدول العربية ;
===========================================================
) | ب)
===========================================================
<<<
>>>
===========================================================
.	المصادر العربية تقول ان اسرائيل استفادت
===========================================================
ع افتراض وجود علاقة إيجابية بين اثنين ، فإن النص
===========================================================
egative connotations: قصف مدفعي
===========================================================
أن إسرائيل عدو للبنان وتحاول احتلال أراضيه
===========================================================
) Negative connotation: "محاولات محم
===========================================================
egative connotations:[list of negative connot
===========================================================
عسكر الآليات الإسرائيلية
===========================================================
لماضي، وذكرت مصادر إسرائيلية أن بيغز يضغط
===========================================================
"تنظيم سياسي"],["حزب سياسي"]
===========================================================
egative Connotations:  breached, violated
===========================================================
>>
Negative connotations:
positive
===========================================================
ظهر النص ان الصحافة اللبنانية كانت ضد الوجود السوري
===========================================================
<<
"لست وحدك": هكذا أعلن رؤساء
===========================================================
سلحة, متفجرات
===========================================================
قد سلبي: إسرائيل تخرق اتفاق حبيب لوقف
===========================================================
ي الكل، رئيس جمهورية لبنان القادم، رمز وحدة
===========================================================
اخلياً، يمكنُ للمجلس النيابي الحالي
===========================================================
عاليه الشيخ حسن خالد مفتي الجمهورية اللبنانية الأسبق.
===========================================================
) Negative connotation
"المفجعة"
===========================================================
>.

اختلال
===========================================================
<<توجه حركتي أمل واللقاء الإسلامي
===========================================================
egative connotations:[الكيان الصهيوني عدو
===========================================================
يجابي, إيجابي
===========================================================
[2024-12-18 10:36:18,430] torch.distributed.elastic.agent.server.api: [ERROR] Error waiting on exit barrier. Elapsed: 300.0227391719818 seconds
Loading checkpoint shards:  17%|█▋        | 1/6 [07:33<37:47, 453.53s/it]Loading checkpoint shards:  33%|███▎      | 2/6 [16:18<33:02, 495.66s/it]Loading checkpoint shards:  50%|█████     | 3/6 [22:56<22:32, 450.78s/it][2024-12-18 10:36:19,324] torch.distributed.elastic.rendezvous.dynamic_rendezvous: [WARNING] The node 'onode11_25882_0' has failed to send a keep-alive heartbeat to the rendezvous 'none' due to an error of type RendezvousConnectionError.
[2024-12-18 10:36:19,373] torch.distributed.elastic.multiprocessing.api: [WARNING] Sending process 25886 closing signal SIGTERM
[2024-12-18 10:36:21,779] torch.distributed.elastic.rendezvous.dynamic_rendezvous: [WARNING] The node 'onode11_25882_0' has failed to shutdown the rendezvous 'none' due to an error of type RendezvousConnectionError.
Traceback (most recent call last):
  File "/apps/sw/miniconda/envs/transformers-r1/lib/python3.10/site-packages/torch/distributed/elastic/rendezvous/c10d_rendezvous_backend.py", line 113, in _call_store
    return getattr(self._store, store_op)(*args, **kwargs)
RuntimeError: Broken pipe

The above exception was the direct cause of the following exception:

Traceback (most recent call last):
  File "/apps/sw/miniconda/envs/transformers-r1/lib/python3.10/runpy.py", line 196, in _run_module_as_main
    return _run_code(code, main_globals, None,
  File "/apps/sw/miniconda/envs/transformers-r1/lib/python3.10/runpy.py", line 86, in _run_code
    exec(code, run_globals)
  File "/apps/sw/miniconda/envs/transformers-r1/lib/python3.10/site-packages/torch/distributed/run.py", line 810, in <module>
    main()
  File "/apps/sw/miniconda/envs/transformers-r1/lib/python3.10/site-packages/torch/distributed/elastic/multiprocessing/errors/__init__.py", line 346, in wrapper
    return f(*args, **kwargs)
  File "/apps/sw/miniconda/envs/transformers-r1/lib/python3.10/site-packages/torch/distributed/run.py", line 806, in main
    run(args)
  File "/apps/sw/miniconda/envs/transformers-r1/lib/python3.10/site-packages/torch/distributed/run.py", line 797, in run
    elastic_launch(
  File "/apps/sw/miniconda/envs/transformers-r1/lib/python3.10/site-packages/torch/distributed/launcher/api.py", line 134, in __call__
    return launch_agent(self._config, self._entrypoint, list(args))
  File "/apps/sw/miniconda/envs/transformers-r1/lib/python3.10/site-packages/torch/distributed/launcher/api.py", line 255, in launch_agent
    result = agent.run()
  File "/apps/sw/miniconda/envs/transformers-r1/lib/python3.10/site-packages/torch/distributed/elastic/metrics/api.py", line 124, in wrapper
    result = f(*args, **kwargs)
  File "/apps/sw/miniconda/envs/transformers-r1/lib/python3.10/site-packages/torch/distributed/elastic/agent/server/api.py", line 736, in run
    result = self._invoke_run(role)
  File "/apps/sw/miniconda/envs/transformers-r1/lib/python3.10/site-packages/torch/distributed/elastic/agent/server/api.py", line 909, in _invoke_run
    num_nodes_waiting = rdzv_handler.num_nodes_waiting()
  File "/apps/sw/miniconda/envs/transformers-r1/lib/python3.10/site-packages/torch/distributed/elastic/rendezvous/dynamic_rendezvous.py", line 1083, in num_nodes_waiting
    self._state_holder.sync()
  File "/apps/sw/miniconda/envs/transformers-r1/lib/python3.10/site-packages/torch/distributed/elastic/rendezvous/dynamic_rendezvous.py", line 409, in sync
    get_response = self._backend.get_state()
  File "/apps/sw/miniconda/envs/transformers-r1/lib/python3.10/site-packages/torch/distributed/elastic/rendezvous/c10d_rendezvous_backend.py", line 73, in get_state
    base64_state: bytes = self._call_store("get", self._key)
  File "/apps/sw/miniconda/envs/transformers-r1/lib/python3.10/site-packages/torch/distributed/elastic/rendezvous/c10d_rendezvous_backend.py", line 115, in _call_store
    raise RendezvousConnectionError(
torch.distributed.elastic.rendezvous.api.RendezvousConnectionError: The connection to the C10d store has failed. See inner exception for details.
srun: error: onode11: task 1: Exited with exit code 1
